2025-03-11 01:53:50,862 - github_logger - INFO - Error scraping repository fastapi/fastapi: 'GithubScraper' object has no attribute 'client'
2025-03-11 01:55:21,126 - github_logger - INFO - Error scraping repository fastapi/fastapi: 'GithubScraper' object has no attribute 'client'
2025-03-11 01:57:21,352 - github_logger - INFO - Successfully accessed repository: fastapi/fastapi
2025-03-11 01:57:22,383 - github_logger - INFO - No examples folder found in fastapi/fastapi
2025-03-11 01:57:23,412 - github_logger - INFO - Found documentation file: docs/language_names.yml
2025-03-11 01:57:23,915 - github_logger - INFO - Found documentation file: docs/missing-translation.md
2025-03-11 01:58:07,723 - github_logger - INFO - Successfully accessed repository: fastapi/fastapi
2025-03-11 01:58:08,726 - github_logger - INFO - No examples folder found in fastapi/fastapi
2025-03-11 01:58:09,750 - github_logger - INFO - Found documentation file: docs/language_names.yml
2025-03-11 01:58:10,271 - github_logger - INFO - Found documentation file: docs/missing-translation.md
2025-03-11 02:00:09,876 - github_logger - INFO - Successfully accessed repository: pydantic/pydantic-ai
2025-03-11 02:00:11,526 - github_logger - INFO - Found example file: examples/README.md
2025-03-11 02:00:12,056 - github_logger - INFO - Found example file: examples/pyproject.toml
2025-03-11 02:00:13,161 - github_logger - INFO - Found documentation file: docs/agents.md
2025-03-11 02:00:13,699 - github_logger - INFO - Found documentation file: docs/cli.md
2025-03-11 02:00:14,251 - github_logger - INFO - Found documentation file: docs/common_tools.md
2025-03-11 02:00:14,832 - github_logger - INFO - Found documentation file: docs/contributing.md
2025-03-11 02:00:15,378 - github_logger - INFO - Found documentation file: docs/dependencies.md
2025-03-11 02:00:15,895 - github_logger - INFO - Error decoding content for docs/favicon.ico: 'utf-8' codec can't decode byte 0xa8 in position 14: invalid start byte
2025-03-11 02:00:16,459 - github_logger - INFO - Found documentation file: docs/graph.md
2025-03-11 02:00:16,976 - github_logger - INFO - Found documentation file: docs/help.md
2025-03-11 02:00:17,566 - github_logger - INFO - Found documentation file: docs/index.md
2025-03-11 02:00:18,114 - github_logger - INFO - Found documentation file: docs/input.md
2025-03-11 02:00:18,640 - github_logger - INFO - Found documentation file: docs/install.md
2025-03-11 02:00:19,173 - github_logger - INFO - Found documentation file: docs/logfire.md
2025-03-11 02:00:19,720 - github_logger - INFO - Found documentation file: docs/message-history.md
2025-03-11 02:00:20,261 - github_logger - INFO - Found documentation file: docs/models.md
2025-03-11 02:00:20,806 - github_logger - INFO - Found documentation file: docs/multi-agent-applications.md
2025-03-11 02:00:21,322 - github_logger - INFO - Found documentation file: docs/results.md
2025-03-11 02:00:21,948 - github_logger - INFO - Found documentation file: docs/testing-evals.md
2025-03-11 02:00:22,644 - github_logger - INFO - Found documentation file: docs/tools.md
2025-03-11 02:00:23,215 - github_logger - INFO - Found documentation file: docs/troubleshooting.md
2025-03-11 02:02:33,628 - github_logger - INFO - Successfully accessed repository: pydantic/pydantic-ai
2025-03-11 02:02:35,236 - github_logger - INFO - Found example file: examples/README.md
2025-03-11 02:02:35,757 - github_logger - INFO - Found example file: examples/pyproject.toml
2025-03-11 02:02:36,835 - github_logger - INFO - Found documentation file: docs/agents.md
2025-03-11 02:02:37,365 - github_logger - INFO - Found documentation file: docs/cli.md
2025-03-11 02:02:37,895 - github_logger - INFO - Found documentation file: docs/common_tools.md
2025-03-11 02:02:38,456 - github_logger - INFO - Found documentation file: docs/contributing.md
2025-03-11 02:02:39,066 - github_logger - INFO - Found documentation file: docs/dependencies.md
2025-03-11 02:02:39,612 - github_logger - INFO - Error decoding content for docs/favicon.ico: 'utf-8' codec can't decode byte 0xa8 in position 14: invalid start byte
2025-03-11 02:02:40,147 - github_logger - INFO - Found documentation file: docs/graph.md
2025-03-11 02:02:40,666 - github_logger - INFO - Found documentation file: docs/help.md
2025-03-11 02:02:41,210 - github_logger - INFO - Found documentation file: docs/index.md
2025-03-11 02:02:41,752 - github_logger - INFO - Found documentation file: docs/input.md
2025-03-11 02:02:42,249 - github_logger - INFO - Found documentation file: docs/install.md
2025-03-11 02:02:42,798 - github_logger - INFO - Found documentation file: docs/logfire.md
2025-03-11 02:02:43,325 - github_logger - INFO - Found documentation file: docs/message-history.md
2025-03-11 02:02:43,868 - github_logger - INFO - Found documentation file: docs/models.md
2025-03-11 02:02:44,415 - github_logger - INFO - Found documentation file: docs/multi-agent-applications.md
2025-03-11 02:02:44,942 - github_logger - INFO - Found documentation file: docs/results.md
2025-03-11 02:02:45,475 - github_logger - INFO - Found documentation file: docs/testing-evals.md
2025-03-11 02:02:46,009 - github_logger - INFO - Found documentation file: docs/tools.md
2025-03-11 02:02:46,524 - github_logger - INFO - Found documentation file: docs/troubleshooting.md
2025-03-11 02:04:06,045 - github_logger - INFO - Successfully accessed repository: pydantic/pydantic-ai
2025-03-11 02:04:07,618 - github_logger - INFO - Found example file: examples/README.md
2025-03-11 02:04:08,176 - github_logger - INFO - Found example file: examples/pyproject.toml
2025-03-11 02:04:09,285 - github_logger - INFO - Found documentation file: docs/agents.md
2025-03-11 02:04:09,801 - github_logger - INFO - Found documentation file: docs/cli.md
2025-03-11 02:04:10,329 - github_logger - INFO - Found documentation file: docs/common_tools.md
2025-03-11 02:04:10,865 - github_logger - INFO - Found documentation file: docs/contributing.md
2025-03-11 02:04:11,420 - github_logger - INFO - Found documentation file: docs/dependencies.md
2025-03-11 02:04:11,955 - github_logger - INFO - Error decoding content for docs/favicon.ico: 'utf-8' codec can't decode byte 0xa8 in position 14: invalid start byte
2025-03-11 02:04:12,515 - github_logger - INFO - Found documentation file: docs/graph.md
2025-03-11 02:04:13,041 - github_logger - INFO - Found documentation file: docs/help.md
2025-03-11 02:04:13,612 - github_logger - INFO - Found documentation file: docs/index.md
2025-03-11 02:04:14,156 - github_logger - INFO - Found documentation file: docs/input.md
2025-03-11 02:04:14,694 - github_logger - INFO - Found documentation file: docs/install.md
2025-03-11 02:04:15,219 - github_logger - INFO - Found documentation file: docs/logfire.md
2025-03-11 02:04:15,738 - github_logger - INFO - Found documentation file: docs/message-history.md
2025-03-11 02:04:16,343 - github_logger - INFO - Found documentation file: docs/models.md
2025-03-11 02:04:16,868 - github_logger - INFO - Found documentation file: docs/multi-agent-applications.md
2025-03-11 02:04:17,400 - github_logger - INFO - Found documentation file: docs/results.md
2025-03-11 02:04:17,956 - github_logger - INFO - Found documentation file: docs/testing-evals.md
2025-03-11 02:04:18,519 - github_logger - INFO - Found documentation file: docs/tools.md
2025-03-11 02:04:19,061 - github_logger - INFO - Found documentation file: docs/troubleshooting.md
2025-03-11 02:05:22,423 - github_logger - INFO - Successfully accessed repository: pydantic/pydantic-ai
2025-03-11 02:05:24,016 - github_logger - INFO - Found example file: examples/README.md
2025-03-11 02:05:24,539 - github_logger - INFO - Found example file: examples/pyproject.toml
2025-03-11 02:05:25,650 - github_logger - INFO - Found documentation file: docs/agents.md
2025-03-11 02:05:26,173 - github_logger - INFO - Found documentation file: docs/cli.md
2025-03-11 02:05:26,690 - github_logger - INFO - Found documentation file: docs/common_tools.md
2025-03-11 02:05:27,243 - github_logger - INFO - Found documentation file: docs/contributing.md
2025-03-11 02:05:27,782 - github_logger - INFO - Found documentation file: docs/dependencies.md
2025-03-11 02:05:28,334 - github_logger - INFO - Error decoding content for docs/favicon.ico: 'utf-8' codec can't decode byte 0xa8 in position 14: invalid start byte
2025-03-11 02:05:28,878 - github_logger - INFO - Found documentation file: docs/graph.md
2025-03-11 02:05:29,424 - github_logger - INFO - Found documentation file: docs/help.md
2025-03-11 02:05:29,958 - github_logger - INFO - Found documentation file: docs/index.md
2025-03-11 02:05:30,459 - github_logger - INFO - Found documentation file: docs/input.md
2025-03-11 02:05:30,982 - github_logger - INFO - Found documentation file: docs/install.md
2025-03-11 02:05:31,501 - github_logger - INFO - Found documentation file: docs/logfire.md
2025-03-11 02:05:32,043 - github_logger - INFO - Found documentation file: docs/message-history.md
2025-03-11 02:05:32,580 - github_logger - INFO - Found documentation file: docs/models.md
2025-03-11 02:05:33,085 - github_logger - INFO - Found documentation file: docs/multi-agent-applications.md
2025-03-11 02:05:33,631 - github_logger - INFO - Found documentation file: docs/results.md
2025-03-11 02:05:34,195 - github_logger - INFO - Found documentation file: docs/testing-evals.md
2025-03-11 02:05:34,705 - github_logger - INFO - Found documentation file: docs/tools.md
2025-03-11 02:05:35,239 - github_logger - INFO - Found documentation file: docs/troubleshooting.md
2025-03-11 02:14:49,297 - github_logger - INFO - Successfully accessed repository: pydantic/pydantic-ai
2025-03-11 02:14:50,839 - github_logger - INFO - Found example file: examples/README.md
2025-03-11 02:14:51,362 - github_logger - INFO - Found example file: examples/pyproject.toml
2025-03-11 02:14:52,495 - github_logger - INFO - Found documentation file: docs/agents.md
2025-03-11 02:14:53,004 - github_logger - INFO - Found documentation file: docs/cli.md
2025-03-11 02:14:53,538 - github_logger - INFO - Found documentation file: docs/common_tools.md
2025-03-11 02:14:54,054 - github_logger - INFO - Found documentation file: docs/contributing.md
2025-03-11 02:14:54,596 - github_logger - INFO - Found documentation file: docs/dependencies.md
2025-03-11 02:14:55,138 - github_logger - INFO - Error decoding content for docs/favicon.ico: 'utf-8' codec can't decode byte 0xa8 in position 14: invalid start byte
2025-03-11 02:14:55,708 - github_logger - INFO - Found documentation file: docs/graph.md
2025-03-11 02:14:56,250 - github_logger - INFO - Found documentation file: docs/help.md
2025-03-11 02:14:56,790 - github_logger - INFO - Found documentation file: docs/index.md
2025-03-11 02:14:57,285 - github_logger - INFO - Found documentation file: docs/input.md
2025-03-11 02:14:57,821 - github_logger - INFO - Found documentation file: docs/install.md
2025-03-11 02:14:58,363 - github_logger - INFO - Found documentation file: docs/logfire.md
2025-03-11 02:14:58,880 - github_logger - INFO - Found documentation file: docs/message-history.md
2025-03-11 02:14:59,425 - github_logger - INFO - Found documentation file: docs/models.md
2025-03-11 02:14:59,948 - github_logger - INFO - Found documentation file: docs/multi-agent-applications.md
2025-03-11 02:15:00,503 - github_logger - INFO - Found documentation file: docs/results.md
2025-03-11 02:15:01,088 - github_logger - INFO - Found documentation file: docs/testing-evals.md
2025-03-11 02:15:01,641 - github_logger - INFO - Found documentation file: docs/tools.md
2025-03-11 02:15:02,155 - github_logger - INFO - Found documentation file: docs/troubleshooting.md
2025-03-11 02:23:49,208 - github_logger - INFO - Successfully accessed repository: unclecode/crawl4ai
